<?xml version="1.0" encoding="utf-8"?><testsuites name="pytest tests"><testsuite name="pytest" errors="0" failures="0" skipped="0" tests="13" time="50.592" timestamp="2026-09-08T05:30:01.541854+00:00" hostname="agent-env-1c22b26d-9fcc-4c13-bdfb-95a7e2085a04"><testcase classname="tests.backend_test" name="test_health" time="0.245" /><testcase classname="tests.backend_test" name="test_palette" time="0.092" /><testcase classname="tests.backend_test" name="test_validate_backend_to_db" time="0.088" /><testcase classname="tests.backend_test" name="test_validate_db_to_llm_invalid" time="0.081" /><testcase classname="tests.backend_test" name="test_builder_generate" time="0.083" /><testcase classname="tests.backend_test" name="test_builder_export" time="0.083" /><testcase classname="tests.backend_test" name="test_builder_chat_stream" time="8.958" /><testcase classname="tests.backend_test" name="test_analyze_github_structural" time="0.897" /><testcase classname="tests.backend_test" name="test_list_projects_no_graph" time="0.085" /><testcase classname="tests.backend_test" name="test_get_project_full" time="0.082" /><testcase classname="tests.backend_test" name="test_monitor" time="0.663" /><testcase classname="tests.backend_test" name="test_delete_project" time="0.509" /><testcase classname="tests.backend_test" name="test_analyze_github_deep" time="38.148" /></testsuite></testsuites>