<?xml version="1.0" encoding="utf-8"?><testsuites name="pytest tests"><testsuite name="pytest" errors="0" failures="0" skipped="0" tests="4" time="159.797" timestamp="2026-09-08T05:56:11.664614+00:00" hostname="agent-env-1c22b26d-9fcc-4c13-bdfb-95a7e2085a04"><testcase classname="tests.test_iteration3" name="test_scaffold_jwt_secret_is_empty_placeholder" time="0.177" /><testcase classname="tests.test_iteration3" name="test_export_job_scaffold_only_flow" time="0.622" /><testcase classname="tests.test_iteration3" name="test_export_job_status_404_for_missing_id" time="0.161" /><testcase classname="tests.test_iteration3" name="test_export_job_ai_flow" time="158.283" /></testsuite></testsuites>