<?xml version="1.0" encoding="utf-8"?><testsuites name="pytest tests"><testsuite name="pytest" errors="0" failures="0" skipped="0" tests="50" time="131.674" timestamp="2026-09-08T17:55:55.990069+00:00" hostname="agent-env-1c22b26d-9fcc-4c13-bdfb-95a7e2085a04"><testcase classname="tests.test_iteration4.TestStrictPayloads" name="test_validate_bad_body_422" time="0.174" /><testcase classname="tests.backend_test" name="test_health" time="0.243" /><testcase classname="tests.test_iteration4.TestStrictPayloads" name="test_validate_good_200" time="0.211" /><testcase classname="tests.backend_test" name="test_palette" time="0.082" /><testcase classname="tests.backend_test" name="test_validate_backend_to_db" time="0.091" /><testcase classname="tests.test_iteration4.TestStrictPayloads" name="test_export_bad_body_422" time="0.140" /><testcase classname="tests.backend_test" name="test_validate_db_to_llm_invalid" time="0.059" /><testcase classname="tests.backend_test" name="test_builder_generate" time="0.061" /><testcase classname="tests.test_iteration4.TestStrictPayloads" name="test_export_job_bad_body_422" time="0.168" /><testcase classname="tests.backend_test" name="test_builder_export" time="0.085" /><testcase classname="tests.backend_test" name="test_builder_chat_stream" time="4.665" /><testcase classname="tests.test_iteration4.TestStrictPayloads" name="test_monitor_config_bad_body_422" time="0.636" /><testcase classname="tests.test_iteration4.TestStrictPayloads" name="test_monitor_config_wrong_type_422" time="0.559" /><testcase classname="tests.test_iteration5.TestLiveAgent" name="test_generate_token" time="0.304" /><testcase classname="tests.test_iteration5.TestLiveAgent" name="test_get_agent_returns_existing" time="0.340" /><testcase classname="tests.test_iteration5.TestLiveAgent" name="test_get_agent_404_for_bad_project" time="0.159" /><testcase classname="tests.test_iteration5.TestLiveAgent" name="test_ingest_requires_token" time="0.645" /><testcase classname="tests.test_iteration5.TestLiveAgent" name="test_events_endpoint" time="0.460" /><testcase classname="tests.test_iteration5.TestLiveAgent" name="test_stream_sse" time="1.313" /><testcase classname="tests.test_iteration3" name="test_scaffold_jwt_secret_is_empty_placeholder" time="0.172" /><testcase classname="tests.test_iteration3" name="test_export_job_scaffold_only_flow" time="0.603" /><testcase classname="tests.test_iteration3" name="test_export_job_status_404_for_missing_id" time="0.188" /><testcase classname="tests.test_iteration3" name="test_export_job_ai_flow" time="110.231" /><testcase classname="tests.backend_test" name="test_analyze_github_structural" time="0.955" /><testcase classname="tests.backend_test" name="test_list_projects_no_graph" time="0.096" /><testcase classname="tests.backend_test" name="test_get_project_full" time="0.089" /><testcase classname="tests.backend_test" name="test_monitor" time="0.651" /><testcase classname="tests.backend_test" name="test_delete_project" time="0.477" /><testcase classname="tests.backend_test" name="test_analyze_github_deep" time="31.994" /><testcase classname="tests.test_iteration4.TestFixFromBuilder" name="test_problems_have_fixable_flag" time="1.099" /><testcase classname="tests.test_iteration4.TestFixFromBuilder" name="test_bad_problem_id_404" time="0.151" /><testcase classname="tests.test_iteration4.TestFixFromBuilder" name="test_fix_removes_problem_and_heals" time="0.305" /><testcase classname="tests.test_iteration5.TestLiveRun" name="test_start_and_stream" time="2.938" /><testcase classname="tests.test_iteration5.TestLiveRun" name="test_run_fault_node_in_diagnosis" time="2.810" /><testcase classname="tests.test_iteration5.TestLiveRun" name="test_run_stream_404" time="0.192" /><testcase classname="tests.test_iteration5.TestRegressionStrict" name="test_validate_missing_fields" time="0.173" /><testcase classname="tests.test_iteration5.TestRegressionStrict" name="test_export_missing_graph" time="0.166" /><testcase classname="tests.test_iteration5.TestRegressionStrict" name="test_run_missing_graph" time="0.169" /><testcase classname="tests.test_iteration2.TestRealMonitoring" name="test_set_config_and_live_probe" time="1.209" /><testcase classname="tests.test_iteration2.TestRealMonitoring" name="test_config_404_for_missing_project" time="0.143" /><testcase classname="tests.test_iteration2.TestBuilderExport" name="test_scaffold_only_export" time="0.162" /><testcase classname="tests.test_iteration2.TestBuilderExport" name="test_ai_codegen_export" time="81.695" /><testcase classname="tests.test_iteration4.TestSavedCircuits" name="test_full_crud_lifecycle" time="1.374" /><testcase classname="tests.test_iteration4.TestSavedCircuits" name="test_update_nonexistent_404" time="0.150" /><testcase classname="tests.test_iteration4.TestSavedCircuits" name="test_get_nonexistent_404" time="0.128" /><testcase classname="tests.test_iteration4.TestSavedCircuits" name="test_create_bad_body_422" time="0.160" /><testcase classname="tests.test_iteration2.TestDeepDrilldown" name="test_database_and_backend_meta" time="0.834" /><testcase classname="tests.test_iteration4.TestExportJobFiles" name="test_export_job_scaffold_files_and_download" time="1.395" /><testcase classname="tests.test_iteration5.TestRegressionCircuits" name="test_list_circuits" time="0.214" /><testcase classname="tests.test_iteration5.TestRegressionCircuits" name="test_palette" time="0.162" /></testsuite></testsuites>