<?xml version="1.0" encoding="utf-8"?><testsuites name="pytest tests"><testsuite name="pytest" errors="0" failures="0" skipped="0" tests="5" time="111.135" timestamp="2026-09-08T05:28:02.004586+00:00" hostname="agent-env-1c22b26d-9fcc-4c13-bdfb-95a7e2085a04"><testcase classname="tests.test_iteration2.TestBuilderExport" name="test_scaffold_only_export" time="0.267" /><testcase classname="tests.test_iteration2.TestBuilderExport" name="test_ai_codegen_export" time="110.278" /><testcase classname="tests.test_iteration2.TestRealMonitoring" name="test_set_config_and_live_probe" time="1.588" /><testcase classname="tests.test_iteration2.TestRealMonitoring" name="test_config_404_for_missing_project" time="0.153" /><testcase classname="tests.test_iteration2.TestDeepDrilldown" name="test_database_and_backend_meta" time="0.000" /></testsuite></testsuites>