<?xml version="1.0" encoding="utf-8"?><testsuites name="pytest tests"><testsuite name="pytest" errors="0" failures="0" skipped="0" tests="17" time="98.432" timestamp="2026-09-08T05:54:06.528683+00:00" hostname="agent-env-1c22b26d-9fcc-4c13-bdfb-95a7e2085a04"><testcase classname="tests.backend_test" name="test_health" time="19.779" /><testcase classname="tests.backend_test" name="test_palette" time="0.078" /><testcase classname="tests.backend_test" name="test_validate_backend_to_db" time="0.073" /><testcase classname="tests.backend_test" name="test_validate_db_to_llm_invalid" time="0.069" /><testcase classname="tests.backend_test" name="test_builder_generate" time="0.070" /><testcase classname="tests.backend_test" name="test_builder_export" time="0.072" /><testcase classname="tests.backend_test" name="test_builder_chat_stream" time="13.921" /><testcase classname="tests.backend_test" name="test_analyze_github_structural" time="0.893" /><testcase classname="tests.backend_test" name="test_list_projects_no_graph" time="0.096" /><testcase classname="tests.backend_test" name="test_get_project_full" time="0.074" /><testcase classname="tests.backend_test" name="test_monitor" time="0.652" /><testcase classname="tests.backend_test" name="test_delete_project" time="7.739" /><testcase classname="tests.test_iteration2.TestRealMonitoring" name="test_set_config_and_live_probe" time="38.300" /><testcase classname="tests.test_iteration2.TestRealMonitoring" name="test_config_404_for_missing_project" time="11.398" /><testcase classname="tests.backend_test" name="test_analyze_github_deep" time="54.109" /><testcase classname="tests.test_iteration2.TestDeepDrilldown" name="test_database_and_backend_meta" time="0.000" /><testcase classname="tests.test_iteration2.TestBuilderExport" name="test_scaffold_only_export" time="0.250" /></testsuite></testsuites>