<?xml version="1.0" encoding="utf-8"?><testsuites name="pytest tests"><testsuite name="pytest" errors="0" failures="1" skipped="0" tests="13" time="3.000" timestamp="2026-09-08T17:09:50.907079+00:00" hostname="agent-env-1c22b26d-9fcc-4c13-bdfb-95a7e2085a04"><testcase classname="tests.test_iteration4.TestSavedCircuits" name="test_full_crud_lifecycle" time="1.370" /><testcase classname="tests.test_iteration4.TestStrictPayloads" name="test_validate_bad_body_422" time="1.331" /><testcase classname="tests.test_iteration4.TestStrictPayloads" name="test_validate_good_200" time="0.005" /><testcase classname="tests.test_iteration4.TestStrictPayloads" name="test_export_bad_body_422" time="0.003" /><testcase classname="tests.test_iteration4.TestStrictPayloads" name="test_export_job_bad_body_422" time="0.002" /><testcase classname="tests.test_iteration4.TestStrictPayloads" name="test_monitor_config_bad_body_422" time="0.004"><failure message="assert 404 == 422&#10; +  where 404 = &lt;Response [404]&gt;.status_code">backend/tests/test_iteration4.py:35: in test_monitor_config_bad_body_422
    assert r.status_code == 422
E   assert 404 == 422
E    +  where 404 = &lt;Response [404]&gt;.status_code</failure></testcase><testcase classname="tests.test_iteration4.TestSavedCircuits" name="test_update_nonexistent_404" time="0.003" /><testcase classname="tests.test_iteration4.TestSavedCircuits" name="test_get_nonexistent_404" time="0.003" /><testcase classname="tests.test_iteration4.TestSavedCircuits" name="test_create_bad_body_422" time="0.002" /><testcase classname="tests.test_iteration4.TestExportJobFiles" name="test_export_job_scaffold_files_and_download" time="0.578" /><testcase classname="tests.test_iteration4.TestFixFromBuilder" name="test_problems_have_fixable_flag" time="0.854" /><testcase classname="tests.test_iteration4.TestFixFromBuilder" name="test_bad_problem_id_404" time="0.003" /><testcase classname="tests.test_iteration4.TestFixFromBuilder" name="test_fix_removes_problem_and_heals" time="0.005" /></testsuite></testsuites>