<?xml version="1.0" encoding="utf-8"?><testsuites name="pytest tests"><testsuite name="pytest" errors="0" failures="1" skipped="0" tests="36" time="144.727" timestamp="2026-09-08T17:12:18.270014+00:00" hostname="agent-env-1c22b26d-9fcc-4c13-bdfb-95a7e2085a04"><testcase classname="tests.test_iteration4.TestStrictPayloads" name="test_validate_bad_body_422" time="0.004" /><testcase classname="tests.backend_test" name="test_health" time="0.299" /><testcase classname="tests.test_iteration4.TestStrictPayloads" name="test_validate_good_200" time="0.002" /><testcase classname="tests.test_iteration4.TestStrictPayloads" name="test_export_bad_body_422" time="0.002" /><testcase classname="tests.test_iteration4.TestStrictPayloads" name="test_export_job_bad_body_422" time="0.002" /><testcase classname="tests.test_iteration4.TestStrictPayloads" name="test_monitor_config_bad_body_422" time="0.003" /><testcase classname="tests.test_iteration4.TestStrictPayloads" name="test_monitor_config_wrong_type_422" time="0.002" /><testcase classname="tests.test_iteration3" name="test_scaffold_jwt_secret_is_empty_placeholder" time="0.348" /><testcase classname="tests.backend_test" name="test_palette" time="0.108" /><testcase classname="tests.test_iteration3" name="test_export_job_scaffold_only_flow" time="1.351"><failure message="assert 200 == 404&#10; +  where 200 = &lt;Response [200]&gt;.status_code">backend/tests/test_iteration3.py:91: in test_export_job_scaffold_only_flow
    assert d2.status_code == 404
E   assert 200 == 404
E    +  where 200 = &lt;Response [200]&gt;.status_code</failure></testcase><testcase classname="tests.backend_test" name="test_validate_backend_to_db" time="0.085" /><testcase classname="tests.backend_test" name="test_validate_db_to_llm_invalid" time="0.079" /><testcase classname="tests.backend_test" name="test_builder_generate" time="0.081" /><testcase classname="tests.backend_test" name="test_builder_export" time="0.090" /><testcase classname="tests.backend_test" name="test_builder_chat_stream" time="4.066" /><testcase classname="tests.test_iteration3" name="test_export_job_status_404_for_missing_id" time="0.135" /><testcase classname="tests.test_iteration3" name="test_export_job_ai_flow" time="142.190" /><testcase classname="tests.backend_test" name="test_analyze_github_structural" time="0.897" /><testcase classname="tests.backend_test" name="test_list_projects_no_graph" time="0.092" /><testcase classname="tests.backend_test" name="test_get_project_full" time="0.074" /><testcase classname="tests.backend_test" name="test_monitor" time="0.656" /><testcase classname="tests.backend_test" name="test_delete_project" time="0.560" /><testcase classname="tests.backend_test" name="test_analyze_github_deep" time="31.638" /><testcase classname="tests.test_iteration4.TestFixFromBuilder" name="test_problems_have_fixable_flag" time="0.829" /><testcase classname="tests.test_iteration4.TestFixFromBuilder" name="test_bad_problem_id_404" time="0.003" /><testcase classname="tests.test_iteration4.TestFixFromBuilder" name="test_fix_removes_problem_and_heals" time="0.005" /><testcase classname="tests.test_iteration2.TestRealMonitoring" name="test_set_config_and_live_probe" time="1.318" /><testcase classname="tests.test_iteration2.TestRealMonitoring" name="test_config_404_for_missing_project" time="0.151" /><testcase classname="tests.test_iteration2.TestBuilderExport" name="test_scaffold_only_export" time="0.146" /><testcase classname="tests.test_iteration2.TestBuilderExport" name="test_ai_codegen_export" time="90.902" /><testcase classname="tests.test_iteration2.TestDeepDrilldown" name="test_database_and_backend_meta" time="0.000" /><testcase classname="tests.test_iteration4.TestExportJobFiles" name="test_export_job_scaffold_files_and_download" time="0.511" /><testcase classname="tests.test_iteration4.TestSavedCircuits" name="test_full_crud_lifecycle" time="0.021" /><testcase classname="tests.test_iteration4.TestSavedCircuits" name="test_update_nonexistent_404" time="0.002" /><testcase classname="tests.test_iteration4.TestSavedCircuits" name="test_get_nonexistent_404" time="0.002" /><testcase classname="tests.test_iteration4.TestSavedCircuits" name="test_create_bad_body_422" time="0.002" /></testsuite></testsuites>