<?xml version="1.0" encoding="utf-8"?><testsuites name="pytest tests"><testsuite name="pytest" errors="0" failures="0" skipped="0" tests="14" time="7.805" timestamp="2026-09-08T17:55:42.207493+00:00" hostname="agent-env-1c22b26d-9fcc-4c13-bdfb-95a7e2085a04"><testcase classname="tests.test_iteration5.TestLiveRun" name="test_start_and_stream" time="3.783" /><testcase classname="tests.test_iteration5.TestLiveAgent" name="test_generate_token" time="1.133" /><testcase classname="tests.test_iteration5.TestLiveAgent" name="test_get_agent_returns_existing" time="0.389" /><testcase classname="tests.test_iteration5.TestLiveAgent" name="test_get_agent_404_for_bad_project" time="0.170" /><testcase classname="tests.test_iteration5.TestLiveAgent" name="test_ingest_requires_token" time="0.678" /><testcase classname="tests.test_iteration5.TestLiveAgent" name="test_events_endpoint" time="0.444" /><testcase classname="tests.test_iteration5.TestLiveAgent" name="test_stream_sse" time="1.414" /><testcase classname="tests.test_iteration5.TestLiveRun" name="test_run_fault_node_in_diagnosis" time="2.814" /><testcase classname="tests.test_iteration5.TestRegressionStrict" name="test_validate_missing_fields" time="0.138" /><testcase classname="tests.test_iteration5.TestRegressionStrict" name="test_export_missing_graph" time="0.261" /><testcase classname="tests.test_iteration5.TestRegressionStrict" name="test_run_missing_graph" time="0.157" /><testcase classname="tests.test_iteration5.TestLiveRun" name="test_run_stream_404" time="0.155" /><testcase classname="tests.test_iteration5.TestRegressionCircuits" name="test_list_circuits" time="0.149" /><testcase classname="tests.test_iteration5.TestRegressionCircuits" name="test_palette" time="0.130" /></testsuite></testsuites>