<?xml version="1.0" encoding="utf-8"?><testsuites name="pytest tests"><testsuite name="pytest" errors="0" failures="0" skipped="0" tests="13" time="37.096" timestamp="2026-09-08T04:57:52.668358+00:00" hostname="agent-env-1c22b26d-9fcc-4c13-bdfb-95a7e2085a04"><testcase classname="tests.backend_test" name="test_health" time="0.310" /><testcase classname="tests.backend_test" name="test_palette" time="0.079" /><testcase classname="tests.backend_test" name="test_validate_backend_to_db" time="0.084" /><testcase classname="tests.backend_test" name="test_validate_db_to_llm_invalid" time="0.077" /><testcase classname="tests.backend_test" name="test_builder_generate" time="0.081" /><testcase classname="tests.backend_test" name="test_builder_export" time="0.080" /><testcase classname="tests.backend_test" name="test_builder_chat_stream" time="2.764" /><testcase classname="tests.backend_test" name="test_analyze_github_structural" time="0.862" /><testcase classname="tests.backend_test" name="test_list_projects_no_graph" time="0.080" /><testcase classname="tests.backend_test" name="test_get_project_full" time="0.081" /><testcase classname="tests.backend_test" name="test_monitor" time="0.663" /><testcase classname="tests.backend_test" name="test_delete_project" time="0.548" /><testcase classname="tests.backend_test" name="test_analyze_github_deep" time="30.820" /></testsuite></testsuites>